# JRE version: OpenJDK Runtime Environment (8.0_322-b06) (build 1.8.0_322-b06)
# Java VM: OpenJDK 64-Bit Server VM (25.322-b06 mixed mode windows-amd64 compressed oops)
Heap:
 PSYoungGen      total 70656K, used 47472K [0x00000000d6200000, 0x00000000dec00000, 0x0000000100000000)
  eden space 65536K, 72% used [0x00000000d6200000,0x00000000d905c040,0x00000000da200000)
  from space 5120K, 0% used [0x00000000da200000,0x00000000da200000,0x00000000da700000)
  to   space 5120K, 0% used [0x00000000de700000,0x00000000de700000,0x00000000dec00000)
 ParOldGen       total 81408K, used 17239K [0x0000000082600000, 0x0000000087580000, 0x00000000d6200000)
  object space 81408K, 21% used [0x0000000082600000,0x00000000836d5d18,0x0000000087580000)
 Metaspace       used 26286K, capacity 26886K, committed 27184K, reserved 1073152K
  class space    used 3384K, capacity 3542K, committed 3632K, reserved 1048576K
GC Heap History (8 events):
Event: 0.379 GC heap before
{Heap before GC invocations=1 (full 0):
 PSYoungGen      total 37888K, used 32768K [0x00000000d6200000, 0x00000000d8c00000, 0x0000000100000000)
  eden space 32768K, 100% used [0x00000000d6200000,0x00000000d8200000,0x00000000d8200000)
  from space 5120K, 0% used [0x00000000d8700000,0x00000000d8700000,0x00000000d8c00000)
  to   space 5120K, 0% used [0x00000000d8200000,0x00000000d8200000,0x00000000d8700000)
 ParOldGen       total 86016K, used 0K [0x0000000082600000, 0x0000000087a00000, 0x00000000d6200000)
  object space 86016K, 0% used [0x0000000082600000,0x0000000082600000,0x0000000087a00000)
 Metaspace       used 9490K, capacity 10196K, committed 10368K, reserved 1058816K
  class space    used 1018K, capacity 1040K, committed 1152K, reserved 1048576K
Event: 0.384 GC heap after
Heap after GC invocations=1 (full 0):
 PSYoungGen      total 37888K, used 5117K [0x00000000d6200000, 0x00000000dac00000, 0x0000000100000000)
  eden space 32768K, 0% used [0x00000000d6200000,0x00000000d6200000,0x00000000d8200000)
  from space 5120K, 99% used [0x00000000d8200000,0x00000000d86ff658,0x00000000d8700000)
  to   space 5120K, 0% used [0x00000000da700000,0x00000000da700000,0x00000000dac00000)
 ParOldGen       total 86016K, used 2489K [0x0000000082600000, 0x0000000087a00000, 0x00000000d6200000)
  object space 86016K, 2% used [0x0000000082600000,0x000000008286e4e0,0x0000000087a00000)
 Metaspace       used 9490K, capacity 10196K, committed 10368K, reserved 1058816K
  class space    used 1018K, capacity 1040K, committed 1152K, reserved 1048576K
}
Event: 0.687 GC heap before
{Heap before GC invocations=2 (full 0):
 PSYoungGen      total 37888K, used 37885K [0x00000000d6200000, 0x00000000dac00000, 0x0000000100000000)
  eden space 32768K, 100% used [0x00000000d6200000,0x00000000d8200000,0x00000000d8200000)
  from space 5120K, 99% used [0x00000000d8200000,0x00000000d86ff658,0x00000000d8700000)
  to   space 5120K, 0% used [0x00000000da700000,0x00000000da700000,0x00000000dac00000)
 ParOldGen       total 86016K, used 2489K [0x0000000082600000, 0x0000000087a00000, 0x00000000d6200000)
  object space 86016K, 2% used [0x0000000082600000,0x000000008286e4e0,0x0000000087a00000)
 Metaspace       used 14380K, capacity 14630K, committed 14848K, reserved 1062912K
  class space    used 1606K, capacity 1687K, committed 1792K, reserved 1048576K
Event: 0.693 GC heap after
Heap after GC invocations=2 (full 0):
 PSYoungGen      total 70656K, used 5093K [0x00000000d6200000, 0x00000000dac00000, 0x0000000100000000)
  eden space 65536K, 0% used [0x00000000d6200000,0x00000000d6200000,0x00000000da200000)
  from space 5120K, 99% used [0x00000000da700000,0x00000000dabf9420,0x00000000dac00000)
  to   space 5120K, 0% used [0x00000000da200000,0x00000000da200000,0x00000000da700000)
 ParOldGen       total 86016K, used 5716K [0x0000000082600000, 0x0000000087a00000, 0x00000000d6200000)
  object space 86016K, 6% used [0x0000000082600000,0x0000000082b95238,0x0000000087a00000)
 Metaspace       used 14380K, capacity 14630K, committed 14848K, reserved 1062912K
  class space    used 1606K, capacity 1687K, committed 1792K, reserved 1048576K
}
Event: 0.946 GC heap before
{Heap before GC invocations=3 (full 0):
 PSYoungGen      total 70656K, used 37048K [0x00000000d6200000, 0x00000000dac00000, 0x0000000100000000)
  eden space 65536K, 48% used [0x00000000d6200000,0x00000000d8134f18,0x00000000da200000)
  from space 5120K, 99% used [0x00000000da700000,0x00000000dabf9420,0x00000000dac00000)
  to   space 5120K, 0% used [0x00000000da200000,0x00000000da200000,0x00000000da700000)
 ParOldGen       total 86016K, used 5716K [0x0000000082600000, 0x0000000087a00000, 0x00000000d6200000)
  object space 86016K, 6% used [0x0000000082600000,0x0000000082b95238,0x0000000087a00000)
 Metaspace       used 20751K, capacity 21206K, committed 21296K, reserved 1069056K
  class space    used 2429K, capacity 2579K, committed 2608K, reserved 1048576K
Event: 0.956 GC heap after
Heap after GC invocations=3 (full 0):
 PSYoungGen      total 70656K, used 5088K [0x00000000d6200000, 0x00000000dec00000, 0x0000000100000000)
  eden space 65536K, 0% used [0x00000000d6200000,0x00000000d6200000,0x00000000da200000)
  from space 5120K, 99% used [0x00000000da200000,0x00000000da6f81c0,0x00000000da700000)
  to   space 5120K, 0% used [0x00000000de700000,0x00000000de700000,0x00000000dec00000)
 ParOldGen       total 86016K, used 18139K [0x0000000082600000, 0x0000000087a00000, 0x00000000d6200000)
  object space 86016K, 21% used [0x0000000082600000,0x00000000837b6d58,0x0000000087a00000)
 Metaspace       used 20751K, capacity 21206K, committed 21296K, reserved 1069056K
  class space    used 2429K, capacity 2579K, committed 2608K, reserved 1048576K
}
Event: 0.956 GC heap before
{Heap before GC invocations=4 (full 1):
 PSYoungGen      total 70656K, used 5088K [0x00000000d6200000, 0x00000000dec00000, 0x0000000100000000)
  eden space 65536K, 0% used [0x00000000d6200000,0x00000000d6200000,0x00000000da200000)
  from space 5120K, 99% used [0x00000000da200000,0x00000000da6f81c0,0x00000000da700000)
  to   space 5120K, 0% used [0x00000000de700000,0x00000000de700000,0x00000000dec00000)
 ParOldGen       total 86016K, used 18139K [0x0000000082600000, 0x0000000087a00000, 0x00000000d6200000)
  object space 86016K, 21% used [0x0000000082600000,0x00000000837b6d58,0x0000000087a00000)
 Metaspace       used 20751K, capacity 21206K, committed 21296K, reserved 1069056K
  class space    used 2429K, capacity 2579K, committed 2608K, reserved 1048576K
Event: 0.984 GC heap after
Heap after GC invocations=4 (full 1):
 PSYoungGen      total 70656K, used 0K [0x00000000d6200000, 0x00000000dec00000, 0x0000000100000000)
  eden space 65536K, 0% used [0x00000000d6200000,0x00000000d6200000,0x00000000da200000)
  from space 5120K, 0% used [0x00000000da200000,0x00000000da200000,0x00000000da700000)
  to   space 5120K, 0% used [0x00000000de700000,0x00000000de700000,0x00000000dec00000)
 ParOldGen       total 81408K, used 17239K [0x0000000082600000, 0x0000000087580000, 0x00000000d6200000)
  object space 81408K, 21% used [0x0000000082600000,0x00000000836d5d18,0x0000000087580000)
 Metaspace       used 20751K, capacity 21206K, committed 21296K, reserved 1069056K
  class space    used 2429K, capacity 2579K, committed 2608K, reserved 1048576K
}

