# JRE version: OpenJDK Runtime Environment (8.0_322-b06) (build 1.8.0_322-b06)
# Java VM: OpenJDK 64-Bit Server VM (25.322-b06 mixed mode windows-amd64 compressed oops)
Heap:
 PSYoungGen      total 613376K, used 479150K [0x00000000d5580000, 0x0000000100000000, 0x0000000100000000)
  eden space 538112K, 75% used [0x00000000d5580000,0x00000000ee021358,0x00000000f6300000)
  from space 75264K, 99% used [0x00000000f6300000,0x00000000fac4a7f0,0x00000000fac80000)
  to   space 85504K, 0% used [0x00000000fac80000,0x00000000fac80000,0x0000000100000000)
 ParOldGen       total 397824K, used 234886K [0x0000000080000000, 0x0000000098480000, 0x00000000d5580000)
  object space 397824K, 59% used [0x0000000080000000,0x000000008e561800,0x0000000098480000)
 Metaspace       used 91592K, capacity 96106K, committed 101376K, reserved 1136640K
  class space    used 12538K, capacity 13398K, committed 14848K, reserved 1048576K
GC Heap History (10 events):
Event: 28.201 GC heap before
{Heap before GC invocations=18 (full 4):
 PSYoungGen      total 515072K, used 23632K [0x00000000d5580000, 0x00000000f7880000, 0x0000000100000000)
  eden space 474112K, 0% used [0x00000000d5580000,0x00000000d5580000,0x00000000f2480000)
  from space 40960K, 57% used [0x00000000f4d00000,0x00000000f6414350,0x00000000f7500000)
  to   space 41472K, 0% used [0x00000000f2480000,0x00000000f2480000,0x00000000f4d00000)
 ParOldGen       total 123392K, used 104611K [0x0000000080000000, 0x0000000087880000, 0x00000000d5580000)
  object space 123392K, 84% used [0x0000000080000000,0x0000000086628d28,0x0000000087880000)
 Metaspace       used 81974K, capacity 87040K, committed 87168K, reserved 1124352K
  class space    used 11384K, capacity 12293K, committed 12416K, reserved 1048576K
Event: 28.804 GC heap after
Heap after GC invocations=18 (full 4):
 PSYoungGen      total 515072K, used 0K [0x00000000d5580000, 0x00000000f7880000, 0x0000000100000000)
  eden space 474112K, 0% used [0x00000000d5580000,0x00000000d5580000,0x00000000f2480000)
  from space 40960K, 0% used [0x00000000f4d00000,0x00000000f4d00000,0x00000000f7500000)
  to   space 41472K, 0% used [0x00000000f2480000,0x00000000f2480000,0x00000000f4d00000)
 ParOldGen       total 228864K, used 107263K [0x0000000080000000, 0x000000008df80000, 0x00000000d5580000)
  object space 228864K, 46% used [0x0000000080000000,0x00000000868bfde8,0x000000008df80000)
 Metaspace       used 81117K, capacity 84588K, committed 87168K, reserved 1124352K
  class space    used 11096K, capacity 11799K, committed 12416K, reserved 1048576K
}
Event: 31.642 GC heap before
{Heap before GC invocations=19 (full 4):
 PSYoungGen      total 515072K, used 474112K [0x00000000d5580000, 0x00000000f7880000, 0x0000000100000000)
  eden space 474112K, 100% used [0x00000000d5580000,0x00000000f2480000,0x00000000f2480000)
  from space 40960K, 0% used [0x00000000f4d00000,0x00000000f4d00000,0x00000000f7500000)
  to   space 41472K, 0% used [0x00000000f2480000,0x00000000f2480000,0x00000000f4d00000)
 ParOldGen       total 228864K, used 107263K [0x0000000080000000, 0x000000008df80000, 0x00000000d5580000)
  object space 228864K, 46% used [0x0000000080000000,0x00000000868bfde8,0x000000008df80000)
 Metaspace       used 84953K, capacity 89928K, committed 90368K, reserved 1126400K
  class space    used 11799K, capacity 12723K, committed 12800K, reserved 1048576K
Event: 31.887 GC heap after
Heap after GC invocations=19 (full 4):
 PSYoungGen      total 515584K, used 41440K [0x00000000d5580000, 0x0000000100000000, 0x0000000100000000)
  eden space 474112K, 0% used [0x00000000d5580000,0x00000000d5580000,0x00000000f2480000)
  from space 41472K, 99% used [0x00000000f2480000,0x00000000f4cf83c0,0x00000000f4d00000)
  to   space 71168K, 0% used [0x00000000fba80000,0x00000000fba80000,0x0000000100000000)
 ParOldGen       total 228864K, used 169887K [0x0000000080000000, 0x000000008df80000, 0x00000000d5580000)
  object space 228864K, 74% used [0x0000000080000000,0x000000008a5e7d20,0x000000008df80000)
 Metaspace       used 84953K, capacity 89928K, committed 90368K, reserved 1126400K
  class space    used 11799K, capacity 12723K, committed 12800K, reserved 1048576K
}
Event: 33.410 GC heap before
{Heap before GC invocations=20 (full 4):
 PSYoungGen      total 515584K, used 515552K [0x00000000d5580000, 0x0000000100000000, 0x0000000100000000)
  eden space 474112K, 100% used [0x00000000d5580000,0x00000000f2480000,0x00000000f2480000)
  from space 41472K, 99% used [0x00000000f2480000,0x00000000f4cf83c0,0x00000000f4d00000)
  to   space 71168K, 0% used [0x00000000fba80000,0x00000000fba80000,0x0000000100000000)
 ParOldGen       total 228864K, used 169887K [0x0000000080000000, 0x000000008df80000, 0x00000000d5580000)
  object space 228864K, 74% used [0x0000000080000000,0x000000008a5e7d20,0x000000008df80000)
 Metaspace       used 92662K, capacity 99956K, committed 100096K, reserved 1134592K
  class space    used 13313K, capacity 14745K, committed 14848K, reserved 1048576K
Event: 33.678 GC heap after
Heap after GC invocations=20 (full 4):
 PSYoungGen      total 609280K, used 63310K [0x00000000d5580000, 0x0000000100000000, 0x0000000100000000)
  eden space 538112K, 0% used [0x00000000d5580000,0x00000000d5580000,0x00000000f6300000)
  from space 71168K, 88% used [0x00000000fba80000,0x00000000ff853a20,0x0000000100000000)
  to   space 80384K, 0% used [0x00000000f6300000,0x00000000f6300000,0x00000000fb180000)
 ParOldGen       total 228864K, used 211188K [0x0000000080000000, 0x000000008df80000, 0x00000000d5580000)
  object space 228864K, 92% used [0x0000000080000000,0x000000008ce3d188,0x000000008df80000)
 Metaspace       used 92662K, capacity 99956K, committed 100096K, reserved 1134592K
  class space    used 13313K, capacity 14745K, committed 14848K, reserved 1048576K
}
Event: 33.679 GC heap before
{Heap before GC invocations=21 (full 5):
 PSYoungGen      total 609280K, used 63310K [0x00000000d5580000, 0x0000000100000000, 0x0000000100000000)
  eden space 538112K, 0% used [0x00000000d5580000,0x00000000d5580000,0x00000000f6300000)
  from space 71168K, 88% used [0x00000000fba80000,0x00000000ff853a20,0x0000000100000000)
  to   space 80384K, 0% used [0x00000000f6300000,0x00000000f6300000,0x00000000fb180000)
 ParOldGen       total 228864K, used 211188K [0x0000000080000000, 0x000000008df80000, 0x00000000d5580000)
  object space 228864K, 92% used [0x0000000080000000,0x000000008ce3d188,0x000000008df80000)
 Metaspace       used 92662K, capacity 99956K, committed 100096K, reserved 1134592K
  class space    used 13313K, capacity 14745K, committed 14848K, reserved 1048576K
Event: 34.878 GC heap after
Heap after GC invocations=21 (full 5):
 PSYoungGen      total 609280K, used 12892K [0x00000000d5580000, 0x0000000100000000, 0x0000000100000000)
  eden space 538112K, 0% used [0x00000000d5580000,0x00000000d5580000,0x00000000f6300000)
  from space 71168K, 18% used [0x00000000fba80000,0x00000000fc717220,0x0000000100000000)
  to   space 80384K, 0% used [0x00000000f6300000,0x00000000f6300000,0x00000000fb180000)
 ParOldGen       total 397824K, used 228718K [0x0000000080000000, 0x0000000098480000, 0x00000000d5580000)
  object space 397824K, 57% used [0x0000000080000000,0x000000008df5b948,0x0000000098480000)
 Metaspace       used 90458K, capacity 94806K, committed 100096K, reserved 1134592K
  class space    used 12508K, capacity 13350K, committed 14848K, reserved 1048576K
}
Event: 36.901 GC heap before
{Heap before GC invocations=22 (full 5):
 PSYoungGen      total 609280K, used 551004K [0x00000000d5580000, 0x0000000100000000, 0x0000000100000000)
  eden space 538112K, 100% used [0x00000000d5580000,0x00000000f6300000,0x00000000f6300000)
  from space 71168K, 18% used [0x00000000fba80000,0x00000000fc717220,0x0000000100000000)
  to   space 80384K, 0% used [0x00000000f6300000,0x00000000f6300000,0x00000000fb180000)
 ParOldGen       total 397824K, used 228718K [0x0000000080000000, 0x0000000098480000, 0x00000000d5580000)
  object space 397824K, 57% used [0x0000000080000000,0x000000008df5b948,0x0000000098480000)
 Metaspace       used 91281K, capacity 95742K, committed 100864K, reserved 1134592K
  class space    used 12536K, capacity 13396K, committed 14848K, reserved 1048576K
Event: 37.609 GC heap after
Heap after GC invocations=22 (full 5):
 PSYoungGen      total 613376K, used 75049K [0x00000000d5580000, 0x0000000100000000, 0x0000000100000000)
  eden space 538112K, 0% used [0x00000000d5580000,0x00000000d5580000,0x00000000f6300000)
  from space 75264K, 99% used [0x00000000f6300000,0x00000000fac4a7f0,0x00000000fac80000)
  to   space 85504K, 0% used [0x00000000fac80000,0x00000000fac80000,0x0000000100000000)
 ParOldGen       total 397824K, used 234886K [0x0000000080000000, 0x0000000098480000, 0x00000000d5580000)
  object space 397824K, 59% used [0x0000000080000000,0x000000008e561800,0x0000000098480000)
 Metaspace       used 91281K, capacity 95742K, committed 100864K, reserved 1134592K
  class space    used 12536K, capacity 13396K, committed 14848K, reserved 1048576K
}

